<?xml version="1.0" encoding="UTF-8"?>
<coverage generated="1605972632253" clover="3.2.0">
  <project timestamp="1605972632253" name="All files">
    <metrics statements="5" coveredstatements="5" conditionals="5" coveredconditionals="5" methods="1" coveredmethods="1" elements="11" coveredelements="11" complexity="0" loc="5" ncloc="5" packages="1" files="1" classes="1"/>
    <file name="tipPerPerson.js" path="C:\Users\varsh\Tip-Calculator\javascript\tipPerPerson.js">
      <metrics statements="5" coveredstatements="5" conditionals="5" coveredconditionals="5" methods="1" coveredmethods="1"/>
      <line num="2" count="21" type="cond" truecount="5" falsecount="0"/>
      <line num="3" count="15" type="stmt"/>
      <line num="4" count="15" type="stmt"/>
      <line num="7" count="6" type="stmt"/>
      <line num="10" count="1" type="stmt"/>
    </file>
  </project>
</coverage>
