{"C:\\Users\\varsh\\Tip-Calculator\\javascript\\tipPerPerson.js": {"path":"C:\\Users\\varsh\\Tip-Calculator\\javascript\\tipPerPerson.js","statementMap":{"0":{"start":{"line":2,"column":4},"end":{"line":8,"column":5}},"1":{"start":{"line":3,"column":12},"end":{"line":3,"column":72}},"2":{"start":{"line":4,"column":4},"end":{"line":4,"column":15}},"3":{"start":{"line":7,"column":8},"end":{"line":7,"column":21}},"4":{"start":{"line":10,"column":0},"end":{"line":10,"column":28}}},"fnMap":{"0":{"name":"tipPerPerson","decl":{"start":{"line":1,"column":9},"end":{"line":1,"column":21}},"loc":{"start":{"line":1,"column":59},"end":{"line":9,"column":1}},"line":1}},"branchMap":{"0":{"loc":{"start":{"line":2,"column":4},"end":{"line":8,"column":5}},"type":"if","locations":[{"start":{"line":2,"column":4},"end":{"line":8,"column":5}},{"start":{"line":2,"column":4},"end":{"line":8,"column":5}}],"line":2},"1":{"loc":{"start":{"line":2,"column":7},"end":{"line":2,"column":59}},"type":"binary-expr","locations":[{"start":{"line":2,"column":7},"end":{"line":2,"column":20}},{"start":{"line":2,"column":24},"end":{"line":2,"column":42}},{"start":{"line":2,"column":46},"end":{"line":2,"column":59}}],"line":2}},"s":{"0":21,"1":15,"2":15,"3":6,"4":1},"f":{"0":21},"b":{"0":[15,6],"1":[21,20,18]},"_coverageSchema":"1a1c01bbd47fc00a2c39e90264f33305004495a9","hash":"7908fc14dd72b4c2fadf25ed7f6dd33a1aac0ca9"}
}
